<?xml version="1.0" encoding="UTF-8"?>
<!-- Generated by org.testng.reporters.JUnitReportReporter -->
<testsuite skipped="0" hostname="DESKTOP-7IQQM56" name="commonExecutor.Executor" tests="1" failures="0" timestamp="28 Jun 2018 19:32:18 GMT" time="0.006" errors="0">
  <testcase name="scriptExecutor" time="0.006" classname="commonExecutor.Executor"/>
</testsuite> <!-- commonExecutor.Executor -->
